# JRE version: OpenJDK Runtime Environment (17.0.6) (build 17.0.6+0-b2043.56-10027231)
# Java VM: OpenJDK 64-Bit Server VM (17.0.6+0-b2043.56-10027231, mixed mode, tiered, compressed oops, compressed class ptrs, g1 gc, windows-amd64)
GC Precious Log:
 CPUs: 4 total, 4 available
 Memory: 12140M
 Large Page Support: Disabled
 NUMA Support: Disabled
 Compressed Oops: Enabled (Zero based)
 Heap Region Size: 2M
 Heap Min Capacity: 8M
 Heap Initial Capacity: 190M
 Heap Max Capacity: 3036M
 Pre-touch: Disabled
 Parallel Workers: 4
 Concurrent Workers: 1
 Concurrent Refinement Workers: 4
 Periodic GC: Disabled
Heap:
 garbage-first heap   total 98304K, used 69372K [0x0000000742400000, 0x0000000800000000)
  region size 2048K, 9 young (18432K), 2 survivors (4096K)
 Metaspace       used 65817K, committed 66048K, reserved 1114112K
  class space    used 7746K, committed 7872K, reserved 1048576K
GC Heap History (20 events):
Event: 26.434 GC heap before
{Heap before GC invocations=18 (full 0):
 garbage-first heap   total 59392K, used 42790K [0x0000000742400000, 0x0000000800000000)
  region size 2048K, 7 young (14336K), 1 survivors (2048K)
 Metaspace       used 54585K, committed 54784K, reserved 1097728K
  class space    used 6620K, committed 6720K, reserved 1048576K
}
Event: 26.445 GC heap after
{Heap after GC invocations=19 (full 0):
 garbage-first heap   total 59392K, used 33915K [0x0000000742400000, 0x0000000800000000)
  region size 2048K, 1 young (2048K), 1 survivors (2048K)
 Metaspace       used 54585K, committed 54784K, reserved 1097728K
  class space    used 6620K, committed 6720K, reserved 1048576K
}
Event: 27.627 GC heap before
{Heap before GC invocations=20 (full 0):
 garbage-first heap   total 65536K, used 42107K [0x0000000742400000, 0x0000000800000000)
  region size 2048K, 5 young (10240K), 1 survivors (2048K)
 Metaspace       used 55489K, committed 55744K, reserved 1105920K
  class space    used 6664K, committed 6784K, reserved 1048576K
}
Event: 27.637 GC heap after
{Heap after GC invocations=21 (full 0):
 garbage-first heap   total 65536K, used 35690K [0x0000000742400000, 0x0000000800000000)
  region size 2048K, 1 young (2048K), 1 survivors (2048K)
 Metaspace       used 55489K, committed 55744K, reserved 1105920K
  class space    used 6664K, committed 6784K, reserved 1048576K
}
Event: 28.287 GC heap before
{Heap before GC invocations=21 (full 0):
 garbage-first heap   total 65536K, used 45930K [0x0000000742400000, 0x0000000800000000)
  region size 2048K, 6 young (12288K), 1 survivors (2048K)
 Metaspace       used 55816K, committed 56064K, reserved 1105920K
  class space    used 6671K, committed 6784K, reserved 1048576K
}
Event: 28.299 GC heap after
{Heap after GC invocations=22 (full 0):
 garbage-first heap   total 65536K, used 37554K [0x0000000742400000, 0x0000000800000000)
  region size 2048K, 1 young (2048K), 1 survivors (2048K)
 Metaspace       used 55816K, committed 56064K, reserved 1105920K
  class space    used 6671K, committed 6784K, reserved 1048576K
}
Event: 28.846 GC heap before
{Heap before GC invocations=23 (full 0):
 garbage-first heap   total 69632K, used 47794K [0x0000000742400000, 0x0000000800000000)
  region size 2048K, 6 young (12288K), 1 survivors (2048K)
 Metaspace       used 55926K, committed 56192K, reserved 1105920K
  class space    used 6671K, committed 6784K, reserved 1048576K
}
Event: 28.859 GC heap after
{Heap after GC invocations=24 (full 0):
 garbage-first heap   total 69632K, used 39784K [0x0000000742400000, 0x0000000800000000)
  region size 2048K, 1 young (2048K), 1 survivors (2048K)
 Metaspace       used 55926K, committed 56192K, reserved 1105920K
  class space    used 6671K, committed 6784K, reserved 1048576K
}
Event: 29.854 GC heap before
{Heap before GC invocations=24 (full 0):
 garbage-first heap   total 69632K, used 52072K [0x0000000742400000, 0x0000000800000000)
  region size 2048K, 7 young (14336K), 1 survivors (2048K)
 Metaspace       used 56172K, committed 56384K, reserved 1105920K
  class space    used 6693K, committed 6784K, reserved 1048576K
}
Event: 29.869 GC heap after
{Heap after GC invocations=25 (full 0):
 garbage-first heap   total 69632K, used 42340K [0x0000000742400000, 0x0000000800000000)
  region size 2048K, 1 young (2048K), 1 survivors (2048K)
 Metaspace       used 56172K, committed 56384K, reserved 1105920K
  class space    used 6693K, committed 6784K, reserved 1048576K
}
Event: 30.241 GC heap before
{Heap before GC invocations=26 (full 0):
 garbage-first heap   total 75776K, used 52580K [0x0000000742400000, 0x0000000800000000)
  region size 2048K, 6 young (12288K), 1 survivors (2048K)
 Metaspace       used 56471K, committed 56704K, reserved 1105920K
  class space    used 6721K, committed 6848K, reserved 1048576K
}
Event: 30.252 GC heap after
{Heap after GC invocations=27 (full 0):
 garbage-first heap   total 75776K, used 43573K [0x0000000742400000, 0x0000000800000000)
  region size 2048K, 1 young (2048K), 1 survivors (2048K)
 Metaspace       used 56471K, committed 56704K, reserved 1105920K
  class space    used 6721K, committed 6848K, reserved 1048576K
}
Event: 31.238 GC heap before
{Heap before GC invocations=27 (full 0):
 garbage-first heap   total 75776K, used 57909K [0x0000000742400000, 0x0000000800000000)
  region size 2048K, 8 young (16384K), 1 survivors (2048K)
 Metaspace       used 59120K, committed 59328K, reserved 1105920K
  class space    used 7136K, committed 7232K, reserved 1048576K
}
Event: 31.247 GC heap after
{Heap after GC invocations=28 (full 0):
 garbage-first heap   total 98304K, used 44508K [0x0000000742400000, 0x0000000800000000)
  region size 2048K, 1 young (2048K), 1 survivors (2048K)
 Metaspace       used 59120K, committed 59328K, reserved 1105920K
  class space    used 7136K, committed 7232K, reserved 1048576K
}
Event: 35.457 GC heap before
{Heap before GC invocations=29 (full 0):
 garbage-first heap   total 98304K, used 73180K [0x0000000742400000, 0x0000000800000000)
  region size 2048K, 15 young (30720K), 1 survivors (2048K)
 Metaspace       used 60887K, committed 61120K, reserved 1105920K
  class space    used 7310K, committed 7424K, reserved 1048576K
}
Event: 35.481 GC heap after
{Heap after GC invocations=30 (full 0):
 garbage-first heap   total 98304K, used 48785K [0x0000000742400000, 0x0000000800000000)
  region size 2048K, 2 young (4096K), 2 survivors (4096K)
 Metaspace       used 60887K, committed 61120K, reserved 1105920K
  class space    used 7310K, committed 7424K, reserved 1048576K
}
Event: 39.310 GC heap before
{Heap before GC invocations=30 (full 0):
 garbage-first heap   total 98304K, used 73361K [0x0000000742400000, 0x0000000800000000)
  region size 2048K, 15 young (30720K), 2 survivors (4096K)
 Metaspace       used 62977K, committed 63232K, reserved 1105920K
  class space    used 7505K, committed 7616K, reserved 1048576K
}
Event: 39.335 GC heap after
{Heap after GC invocations=31 (full 0):
 garbage-first heap   total 98304K, used 53441K [0x0000000742400000, 0x0000000800000000)
  region size 2048K, 2 young (4096K), 2 survivors (4096K)
 Metaspace       used 62977K, committed 63232K, reserved 1105920K
  class space    used 7505K, committed 7616K, reserved 1048576K
}
Event: 45.912 GC heap before
{Heap before GC invocations=32 (full 0):
 garbage-first heap   total 98304K, used 71873K [0x0000000742400000, 0x0000000800000000)
  region size 2048K, 12 young (24576K), 2 survivors (4096K)
 Metaspace       used 64483K, committed 64704K, reserved 1105920K
  class space    used 7633K, committed 7744K, reserved 1048576K
}
Event: 45.939 GC heap after
{Heap after GC invocations=33 (full 0):
 garbage-first heap   total 98304K, used 57084K [0x0000000742400000, 0x0000000800000000)
  region size 2048K, 2 young (4096K), 2 survivors (4096K)
 Metaspace       used 64483K, committed 64704K, reserved 1105920K
  class space    used 7633K, committed 7744K, reserved 1048576K
}

